2024-11-08 18:27:22,646 - httpx - INFO - HTTP Request: POST http://localhost:8001/admin "HTTP/1.1 500 Internal Server Error"
2024-11-08 18:30:23,850 - root - INFO - Bad word detected in path or body
2024-11-08 18:30:23,851 - root - WARNING - Blocked request to http://127.0.0.1:8002/admin
2024-11-08 18:30:58,790 - httpx - INFO - HTTP Request: POST http://localhost:8001/admin "HTTP/1.1 500 Internal Server Error"
2024-11-08 18:31:01,879 - httpx - INFO - HTTP Request: POST http://localhost:8001/admin "HTTP/1.1 500 Internal Server Error"
2024-11-08 18:31:04,370 - httpx - INFO - HTTP Request: POST http://localhost:8001/admin "HTTP/1.1 500 Internal Server Error"
2024-11-08 18:35:40,529 - httpx - INFO - HTTP Request: POST http://localhost:8001/admin "HTTP/1.1 500 Internal Server Error"
2024-11-08 18:39:01,064 - root - INFO - Threat detected based on model prediction: {"path_'": 0, 'path_"': 0, 'path_-': 0, 'path_{': 0, 'path_}': 0, 'path_ ': 0, 'path_%': 0, 'path_;': 0, 'path_<': 0, 'path_>': 0, 'path_(': 0, 'path_)': 0, 'path_[': 0, 'path_]': 0, 'path_=': 0, 'path_length': 6, 'path_badwords_count': 0, "body_'": 2, 'body_"': 8, 'body_-': 90, 'body_{': 0, 'body_}': 0, 'body_ ': 9, 'body_%': 0, 'body_;': 5, 'body_<': 1, 'body_>': 1, 'body_(': 3, 'body_)': 3, 'body_[': 0, 'body_]': 0, 'body_=': 2, 'body_length': 363, 'body_badwords_count': 2}
2024-11-08 18:39:01,185 - root - WARNING - Blocked request to http://127.0.0.1:8002/admin
2024-11-08 18:40:23,934 - httpx - INFO - HTTP Request: POST http://localhost:8001/admin "HTTP/1.1 500 Internal Server Error"
2024-11-08 18:40:47,320 - httpx - INFO - HTTP Request: POST http://localhost:8001/admin "HTTP/1.1 500 Internal Server Error"
2024-11-08 18:51:34,158 - root - INFO - Threat detected based on model prediction: {'path_single_q': 0, 'path_double_q': 0, 'path_dashes': 0, 'path_braces': 0, 'path_spaces': 0, 'path_percentages': 0, 'path_semicolons': 0, 'path_angle_brackets': 0, 'path_special_chars': 1, 'path_length': 6, 'path_badwords_count': 0, 'body_single_q': 1, 'body_double_q': 4, 'body_dashes': 90, 'body_braces': 0, 'body_spaces': 8, 'body_percentages': 0, 'body_semicolons': 2, 'body_angle_brackets': 0, 'body_special_chars': 6, 'body_length': 291, 'body_badwords_count': 0}
2024-11-08 18:51:34,164 - root - WARNING - Blocked request to http://127.0.0.1:8002/admin
2024-11-08 18:51:49,648 - root - INFO - Threat detected based on model prediction: {'path_single_q': 0, 'path_double_q': 0, 'path_dashes': 0, 'path_braces': 0, 'path_spaces': 0, 'path_percentages': 0, 'path_semicolons': 0, 'path_angle_brackets': 0, 'path_special_chars': 1, 'path_length': 6, 'path_badwords_count': 0, 'body_single_q': 1, 'body_double_q': 4, 'body_dashes': 90, 'body_braces': 0, 'body_spaces': 4, 'body_percentages': 0, 'body_semicolons': 2, 'body_angle_brackets': 0, 'body_special_chars': 4, 'body_length': 281, 'body_badwords_count': 0}
2024-11-08 18:51:49,648 - root - WARNING - Blocked request to http://127.0.0.1:8002/admin
2024-11-08 18:51:55,005 - root - INFO - Threat detected based on model prediction: {'path_single_q': 0, 'path_double_q': 0, 'path_dashes': 0, 'path_braces': 0, 'path_spaces': 0, 'path_percentages': 0, 'path_semicolons': 0, 'path_angle_brackets': 0, 'path_special_chars': 1, 'path_length': 6, 'path_badwords_count': 0, 'body_single_q': 0, 'body_double_q': 4, 'body_dashes': 90, 'body_braces': 0, 'body_spaces': 4, 'body_percentages': 0, 'body_semicolons': 2, 'body_angle_brackets': 0, 'body_special_chars': 4, 'body_length': 280, 'body_badwords_count': 0}
2024-11-08 18:51:55,006 - root - WARNING - Blocked request to http://127.0.0.1:8002/admin
2024-11-08 18:53:05,389 - root - INFO - Threat detected based on model prediction: {'path_single_q': 0, 'path_double_q': 0, 'path_dashes': 0, 'path_braces': 0, 'path_spaces': 0, 'path_percentages': 0, 'path_semicolons': 0, 'path_angle_brackets': 0, 'path_special_chars': 1, 'path_length': 6, 'path_badwords_count': 0, 'body_single_q': 0, 'body_double_q': 4, 'body_dashes': 90, 'body_braces': 0, 'body_spaces': 4, 'body_percentages': 0, 'body_semicolons': 2, 'body_angle_brackets': 0, 'body_special_chars': 4, 'body_length': 280, 'body_badwords_count': 0}
2024-11-08 18:53:05,666 - root - WARNING - Blocked request to http://127.0.0.1:8002/admin
2024-11-08 18:54:18,761 - httpx - INFO - HTTP Request: POST http://localhost:8001/admin "HTTP/1.1 500 Internal Server Error"
2024-11-08 18:54:53,616 - root - INFO - Threat detected based on model prediction: {'path_single_q': 0, 'path_double_q': 0, 'path_dashes': 0, 'path_braces': 0, 'path_spaces': 0, 'path_percentages': 0, 'path_semicolons': 0, 'path_angle_brackets': 0, 'path_special_chars': 1, 'path_length': 6, 'path_badwords_count': 0, 'body_single_q': 0, 'body_double_q': 4, 'body_dashes': 90, 'body_braces': 0, 'body_spaces': 4, 'body_percentages': 0, 'body_semicolons': 2, 'body_angle_brackets': 0, 'body_special_chars': 4, 'body_length': 280, 'body_badwords_count': 0}
2024-11-08 18:54:53,617 - root - WARNING - Blocked request to http://127.0.0.1:8002/admin
2024-11-08 19:00:23,052 - root - INFO - Threat detected based on model prediction: {'path_single_q': 0, 'path_double_q': 0, 'path_dashes': 0, 'path_braces': 0, 'path_spaces': 0, 'path_percentages': 0, 'path_semicolons': 0, 'path_angle_brackets': 0, 'path_special_chars': 1, 'path_length': 6, 'path_badwords_count': 0, 'body_single_q': 0, 'body_double_q': 4, 'body_dashes': 4, 'body_braces': 0, 'body_spaces': 4, 'body_percentages': 0, 'body_semicolons': 2, 'body_angle_brackets': 0, 'body_special_chars': 4, 'body_length': 170, 'body_badwords_count': 0}
2024-11-08 19:00:23,063 - root - WARNING - Blocked request to http://127.0.0.1:8002/admin
2024-11-08 19:01:58,638 - root - INFO - Threat detected based on model prediction: {'path_single_q': 0, 'path_double_q': 0, 'path_dashes': 0, 'path_braces': 0, 'path_spaces': 0, 'path_percentages': 0, 'path_semicolons': 0, 'path_angle_brackets': 0, 'path_special_chars': 1, 'path_length': 6, 'path_badwords_count': 0, 'body_single_q': 0, 'body_double_q': 4, 'body_dashes': 4, 'body_braces': 0, 'body_spaces': 4, 'body_percentages': 0, 'body_semicolons': 2, 'body_angle_brackets': 0, 'body_special_chars': 4, 'body_length': 170, 'body_badwords_count': 0}
2024-11-08 19:01:58,667 - root - WARNING - Blocked request to http://127.0.0.1:8002/admin
2024-11-12 17:42:40,381 - httpx - INFO - HTTP Request: GET http://localhost:8001/admin "HTTP/1.1 301 Moved Permanently"
2024-11-12 17:42:40,569 - httpx - INFO - HTTP Request: GET http://localhost:8001/admin/ "HTTP/1.1 302 Found"
2024-11-12 17:42:41,216 - httpx - INFO - HTTP Request: GET http://localhost:8001/admin/login/?next=%2Fadmin%2F "HTTP/1.1 200 OK"
2024-11-12 17:43:20,197 - httpx - INFO - HTTP Request: GET http://localhost:8001/admin?username=admin%27%20OR%201%20%3D%201&password=1234 "HTTP/1.1 301 Moved Permanently"
2024-11-12 17:43:20,251 - httpx - INFO - HTTP Request: GET http://localhost:8001/admin/?username=admin%27%20OR%201%20%3D%201&password=1234 "HTTP/1.1 302 Found"
2024-11-12 17:43:20,319 - httpx - INFO - HTTP Request: GET http://localhost:8001/admin/login/?next=%2Fadmin%2F%3Fusername%3Dadmin%2527%2520OR%25201%2520%253D%25201%26password%3D1234 "HTTP/1.1 200 OK"
2024-11-12 17:44:15,151 - httpx - INFO - HTTP Request: GET http://localhost:8001/admin?username=admin%27%20OR%201%20%3D%201&password=1234 "HTTP/1.1 301 Moved Permanently"
2024-11-12 17:44:15,209 - httpx - INFO - HTTP Request: GET http://localhost:8001/admin/?username=admin%27%20OR%201%20%3D%201&password=1234 "HTTP/1.1 302 Found"
2024-11-12 17:44:15,270 - httpx - INFO - HTTP Request: GET http://localhost:8001/admin/login/?next=%2Fadmin%2F%3Fusername%3Dadmin%2527%2520OR%25201%2520%253D%25201%26password%3D1234 "HTTP/1.1 200 OK"
2024-11-12 18:19:43,399 - httpx - INFO - HTTP Request: GET http://localhost:8001/admin?username=admin%27%20OR%201%20%3D%201&password=1234 "HTTP/1.1 301 Moved Permanently"
2024-11-12 18:19:43,430 - httpx - INFO - HTTP Request: GET http://localhost:8001/admin/?username=admin%27%20OR%201%20%3D%201&password=1234 "HTTP/1.1 302 Found"
2024-11-12 18:19:43,462 - httpx - INFO - HTTP Request: GET http://localhost:8001/admin/login/?next=%2Fadmin%2F%3Fusername%3Dadmin%2527%2520OR%25201%2520%253D%25201%26password%3D1234 "HTTP/1.1 200 OK"
2024-11-12 18:35:37,688 - root - INFO - Threat detected based on model prediction
2024-11-12 18:36:05,744 - root - INFO - Threat detected based on model prediction
2024-11-12 18:36:32,090 - root - INFO - Threat detected based on model prediction
2024-11-12 18:36:40,315 - root - INFO - Threat detected based on model prediction
2024-11-12 18:37:36,393 - root - INFO - Threat detected based on model prediction
2024-11-12 18:37:44,759 - httpx - INFO - HTTP Request: GET http://localhost:8001/ "HTTP/1.1 200 OK"
2024-11-12 18:37:50,372 - root - INFO - Threat detected based on model prediction
2024-11-12 18:39:40,421 - root - INFO - Threat detected based on model prediction
2024-11-12 18:39:45,953 - root - INFO - Threat detected based on model prediction
2024-11-12 18:44:35,081 - httpx - INFO - HTTP Request: GET http://localhost:8001/h "HTTP/1.1 404 Not Found"
2024-11-12 18:44:45,663 - httpx - INFO - HTTP Request: GET http://localhost:8001/home "HTTP/1.1 404 Not Found"
2024-11-12 18:45:08,962 - httpx - INFO - HTTP Request: GET http://localhost:8001/home?username=waza&password=somepassword "HTTP/1.1 404 Not Found"
2024-11-12 18:45:21,733 - httpx - INFO - HTTP Request: GET http://localhost:8001/home?username=waza%27%20OR%201%20%3D%201&password=somepassword "HTTP/1.1 404 Not Found"
2024-11-12 18:46:01,068 - httpx - INFO - HTTP Request: GET http://localhost:8001/home?username=waza%27%20OR%201%3D1&password=somepassword "HTTP/1.1 404 Not Found"
